{"E:\\Work\\Documents\\Academics\\Fall24\\Cloud\\Assignments\\src\\webapp\\db.js": {"path":"E:\\Work\\Documents\\Academics\\Fall24\\Cloud\\Assignments\\src\\webapp\\db.js","statementMap":{"0":{"start":{"line":4,"column":0},"end":{"line":4,"column":16}},"1":{"start":{"line":6,"column":18},"end":{"line":9,"column":2}},"2":{"start":{"line":11,"column":39},"end":{"line":20,"column":1}},"3":{"start":{"line":12,"column":4},"end":{"line":19,"column":5}},"4":{"start":{"line":13,"column":8},"end":{"line":13,"column":39}},"5":{"start":{"line":14,"column":8},"end":{"line":14,"column":54}},"6":{"start":{"line":15,"column":8},"end":{"line":15,"column":20}},"7":{"start":{"line":17,"column":8},"end":{"line":17,"column":65}},"8":{"start":{"line":18,"column":8},"end":{"line":18,"column":21}},"9":{"start":{"line":22,"column":28},"end":{"line":32,"column":1}},"10":{"start":{"line":23,"column":4},"end":{"line":31,"column":5}},"11":{"start":{"line":24,"column":8},"end":{"line":24,"column":34}},"12":{"start":{"line":25,"column":8},"end":{"line":25,"column":46}},"13":{"start":{"line":26,"column":8},"end":{"line":26,"column":48}},"14":{"start":{"line":27,"column":8},"end":{"line":27,"column":20}},"15":{"start":{"line":29,"column":8},"end":{"line":29,"column":61}},"16":{"start":{"line":30,"column":8},"end":{"line":30,"column":21}}},"fnMap":{"0":{"name":"(anonymous_0)","decl":{"start":{"line":11,"column":39},"end":{"line":11,"column":40}},"loc":{"start":{"line":11,"column":51},"end":{"line":20,"column":1}},"line":11},"1":{"name":"(anonymous_1)","decl":{"start":{"line":22,"column":28},"end":{"line":22,"column":29}},"loc":{"start":{"line":22,"column":40},"end":{"line":32,"column":1}},"line":22}},"branchMap":{},"s":{"0":1,"1":1,"2":1,"3":20,"4":20,"5":20,"6":20,"7":0,"8":0,"9":1,"10":0,"11":0,"12":0,"13":0,"14":0,"15":0,"16":0},"f":{"0":20,"1":0},"b":{},"_coverageSchema":"1a1c01bbd47fc00a2c39e90264f33305004495a9","hash":"15fb9a49f9f92be766fd2d0c69900ce47aecc12c"}
,"E:\\Work\\Documents\\Academics\\Fall24\\Cloud\\Assignments\\src\\webapp\\app\\app.js": {"path":"E:\\Work\\Documents\\Academics\\Fall24\\Cloud\\Assignments\\src\\webapp\\app\\app.js","statementMap":{"0":{"start":{"line":6,"column":21},"end":{"line":21,"column":1}},"1":{"start":{"line":7,"column":16},"end":{"line":7,"column":25}},"2":{"start":{"line":8,"column":4},"end":{"line":8,"column":47}},"3":{"start":{"line":9,"column":4},"end":{"line":9,"column":28}},"4":{"start":{"line":10,"column":4},"end":{"line":10,"column":52}},"5":{"start":{"line":11,"column":4},"end":{"line":18,"column":7}},"6":{"start":{"line":12,"column":30},"end":{"line":12,"column":61}},"7":{"start":{"line":13,"column":8},"end":{"line":17,"column":9}},"8":{"start":{"line":14,"column":12},"end":{"line":14,"column":35}},"9":{"start":{"line":16,"column":12},"end":{"line":16,"column":19}},"10":{"start":{"line":19,"column":4},"end":{"line":19,"column":26}},"11":{"start":{"line":20,"column":4},"end":{"line":20,"column":15}}},"fnMap":{"0":{"name":"(anonymous_0)","decl":{"start":{"line":6,"column":21},"end":{"line":6,"column":22}},"loc":{"start":{"line":6,"column":27},"end":{"line":21,"column":1}},"line":6},"1":{"name":"(anonymous_1)","decl":{"start":{"line":11,"column":12},"end":{"line":11,"column":13}},"loc":{"start":{"line":11,"column":38},"end":{"line":18,"column":5}},"line":11}},"branchMap":{"0":{"loc":{"start":{"line":13,"column":8},"end":{"line":17,"column":9}},"type":"if","locations":[{"start":{"line":13,"column":8},"end":{"line":17,"column":9}},{"start":{"line":15,"column":15},"end":{"line":17,"column":9}}],"line":13}},"s":{"0":1,"1":1,"2":1,"3":1,"4":1,"5":1,"6":17,"7":17,"8":0,"9":17,"10":1,"11":1},"f":{"0":1,"1":17},"b":{"0":[0,17]},"_coverageSchema":"1a1c01bbd47fc00a2c39e90264f33305004495a9","hash":"961b88a46472291155791eb23a4dc2db76a3d246"}
,"E:\\Work\\Documents\\Academics\\Fall24\\Cloud\\Assignments\\src\\webapp\\app\\controllers\\healthzController.js": {"path":"E:\\Work\\Documents\\Academics\\Fall24\\Cloud\\Assignments\\src\\webapp\\app\\controllers\\healthzController.js","statementMap":{"0":{"start":{"line":3,"column":27},"end":{"line":26,"column":1}},"1":{"start":{"line":5,"column":4},"end":{"line":8,"column":5}},"2":{"start":{"line":6,"column":8},"end":{"line":6,"column":30}},"3":{"start":{"line":7,"column":8},"end":{"line":7,"column":15}},"4":{"start":{"line":9,"column":4},"end":{"line":12,"column":5}},"5":{"start":{"line":10,"column":8},"end":{"line":10,"column":30}},"6":{"start":{"line":11,"column":8},"end":{"line":11,"column":15}},"7":{"start":{"line":14,"column":4},"end":{"line":17,"column":5}},"8":{"start":{"line":15,"column":8},"end":{"line":15,"column":30}},"9":{"start":{"line":16,"column":8},"end":{"line":16,"column":15}},"10":{"start":{"line":19,"column":24},"end":{"line":19,"column":55}},"11":{"start":{"line":21,"column":4},"end":{"line":25,"column":5}},"12":{"start":{"line":22,"column":8},"end":{"line":22,"column":30}},"13":{"start":{"line":24,"column":8},"end":{"line":24,"column":30}},"14":{"start":{"line":28,"column":33},"end":{"line":30,"column":1}},"15":{"start":{"line":29,"column":4},"end":{"line":29,"column":26}}},"fnMap":{"0":{"name":"(anonymous_0)","decl":{"start":{"line":3,"column":27},"end":{"line":3,"column":28}},"loc":{"start":{"line":3,"column":47},"end":{"line":26,"column":1}},"line":3},"1":{"name":"(anonymous_1)","decl":{"start":{"line":28,"column":33},"end":{"line":28,"column":34}},"loc":{"start":{"line":28,"column":53},"end":{"line":30,"column":1}},"line":28}},"branchMap":{"0":{"loc":{"start":{"line":5,"column":4},"end":{"line":8,"column":5}},"type":"if","locations":[{"start":{"line":5,"column":4},"end":{"line":8,"column":5}},{"start":{},"end":{}}],"line":5},"1":{"loc":{"start":{"line":9,"column":4},"end":{"line":12,"column":5}},"type":"if","locations":[{"start":{"line":9,"column":4},"end":{"line":12,"column":5}},{"start":{},"end":{}}],"line":9},"2":{"loc":{"start":{"line":14,"column":4},"end":{"line":17,"column":5}},"type":"if","locations":[{"start":{"line":14,"column":4},"end":{"line":17,"column":5}},{"start":{},"end":{}}],"line":14},"3":{"loc":{"start":{"line":21,"column":4},"end":{"line":25,"column":5}},"type":"if","locations":[{"start":{"line":21,"column":4},"end":{"line":25,"column":5}},{"start":{"line":23,"column":11},"end":{"line":25,"column":5}}],"line":21}},"s":{"0":1,"1":5,"2":1,"3":1,"4":4,"5":0,"6":0,"7":4,"8":1,"9":1,"10":3,"11":3,"12":3,"13":0,"14":1,"15":1},"f":{"0":5,"1":1},"b":{"0":[1,4],"1":[0,4],"2":[1,3],"3":[3,0]},"_coverageSchema":"1a1c01bbd47fc00a2c39e90264f33305004495a9","hash":"463031193e88170a6d38c4c414ab5e0a4e5c7abc"}
,"E:\\Work\\Documents\\Academics\\Fall24\\Cloud\\Assignments\\src\\webapp\\app\\controllers\\userController.js": {"path":"E:\\Work\\Documents\\Academics\\Fall24\\Cloud\\Assignments\\src\\webapp\\app\\controllers\\userController.js","statementMap":{"0":{"start":{"line":4,"column":26},"end":{"line":27,"column":1}},"1":{"start":{"line":5,"column":2},"end":{"line":26,"column":3}},"2":{"start":{"line":6,"column":89},"end":{"line":6,"column":97}},"3":{"start":{"line":7,"column":4},"end":{"line":9,"column":5}},"4":{"start":{"line":8,"column":6},"end":{"line":8,"column":93}},"5":{"start":{"line":11,"column":17},"end":{"line":11,"column":89}},"6":{"start":{"line":13,"column":4},"end":{"line":20,"column":7}},"7":{"start":{"line":22,"column":4},"end":{"line":24,"column":5}},"8":{"start":{"line":23,"column":6},"end":{"line":23,"column":68}},"9":{"start":{"line":25,"column":4},"end":{"line":25,"column":66}},"10":{"start":{"line":29,"column":26},"end":{"line":62,"column":1}},"11":{"start":{"line":30,"column":2},"end":{"line":61,"column":3}},"12":{"start":{"line":31,"column":89},"end":{"line":31,"column":97}},"13":{"start":{"line":32,"column":4},"end":{"line":34,"column":5}},"14":{"start":{"line":33,"column":6},"end":{"line":33,"column":35}},"15":{"start":{"line":35,"column":4},"end":{"line":35,"column":36}},"16":{"start":{"line":36,"column":4},"end":{"line":38,"column":5}},"17":{"start":{"line":37,"column":6},"end":{"line":37,"column":71}},"18":{"start":{"line":39,"column":23},"end":{"line":39,"column":65}},"19":{"start":{"line":41,"column":17},"end":{"line":41,"column":70}},"20":{"start":{"line":43,"column":4},"end":{"line":45,"column":5}},"21":{"start":{"line":44,"column":6},"end":{"line":44,"column":63}},"22":{"start":{"line":47,"column":4},"end":{"line":54,"column":7}},"23":{"start":{"line":57,"column":4},"end":{"line":59,"column":5}},"24":{"start":{"line":58,"column":6},"end":{"line":58,"column":66}},"25":{"start":{"line":60,"column":4},"end":{"line":60,"column":66}},"26":{"start":{"line":64,"column":23},"end":{"line":90,"column":1}},"27":{"start":{"line":65,"column":6},"end":{"line":68,"column":5}},"28":{"start":{"line":66,"column":8},"end":{"line":66,"column":30}},"29":{"start":{"line":67,"column":8},"end":{"line":67,"column":15}},"30":{"start":{"line":69,"column":4},"end":{"line":72,"column":5}},"31":{"start":{"line":70,"column":8},"end":{"line":70,"column":30}},"32":{"start":{"line":71,"column":8},"end":{"line":71,"column":15}},"33":{"start":{"line":74,"column":4},"end":{"line":77,"column":5}},"34":{"start":{"line":75,"column":8},"end":{"line":75,"column":30}},"35":{"start":{"line":76,"column":8},"end":{"line":76,"column":15}},"36":{"start":{"line":78,"column":2},"end":{"line":89,"column":3}},"37":{"start":{"line":79,"column":17},"end":{"line":79,"column":60}},"38":{"start":{"line":81,"column":4},"end":{"line":83,"column":5}},"39":{"start":{"line":82,"column":6},"end":{"line":82,"column":63}},"40":{"start":{"line":85,"column":4},"end":{"line":85,"column":38}},"41":{"start":{"line":88,"column":4},"end":{"line":88,"column":66}},"42":{"start":{"line":92,"column":31},"end":{"line":94,"column":1}},"43":{"start":{"line":93,"column":2},"end":{"line":93,"column":31}}},"fnMap":{"0":{"name":"(anonymous_0)","decl":{"start":{"line":4,"column":26},"end":{"line":4,"column":27}},"loc":{"start":{"line":4,"column":46},"end":{"line":27,"column":1}},"line":4},"1":{"name":"(anonymous_1)","decl":{"start":{"line":29,"column":26},"end":{"line":29,"column":27}},"loc":{"start":{"line":29,"column":46},"end":{"line":62,"column":1}},"line":29},"2":{"name":"(anonymous_2)","decl":{"start":{"line":64,"column":23},"end":{"line":64,"column":24}},"loc":{"start":{"line":64,"column":43},"end":{"line":90,"column":1}},"line":64},"3":{"name":"(anonymous_3)","decl":{"start":{"line":92,"column":31},"end":{"line":92,"column":32}},"loc":{"start":{"line":92,"column":51},"end":{"line":94,"column":1}},"line":92}},"branchMap":{"0":{"loc":{"start":{"line":7,"column":4},"end":{"line":9,"column":5}},"type":"if","locations":[{"start":{"line":7,"column":4},"end":{"line":9,"column":5}},{"start":{},"end":{}}],"line":7},"1":{"loc":{"start":{"line":7,"column":8},"end":{"line":7,"column":42}},"type":"binary-expr","locations":[{"start":{"line":7,"column":8},"end":{"line":7,"column":23}},{"start":{"line":7,"column":27},"end":{"line":7,"column":42}}],"line":7},"2":{"loc":{"start":{"line":22,"column":4},"end":{"line":24,"column":5}},"type":"if","locations":[{"start":{"line":22,"column":4},"end":{"line":24,"column":5}},{"start":{},"end":{}}],"line":22},"3":{"loc":{"start":{"line":32,"column":4},"end":{"line":34,"column":5}},"type":"if","locations":[{"start":{"line":32,"column":4},"end":{"line":34,"column":5}},{"start":{},"end":{}}],"line":32},"4":{"loc":{"start":{"line":32,"column":8},"end":{"line":32,"column":42}},"type":"binary-expr","locations":[{"start":{"line":32,"column":8},"end":{"line":32,"column":23}},{"start":{"line":32,"column":27},"end":{"line":32,"column":42}}],"line":32},"5":{"loc":{"start":{"line":36,"column":4},"end":{"line":38,"column":5}},"type":"if","locations":[{"start":{"line":36,"column":4},"end":{"line":38,"column":5}},{"start":{},"end":{}}],"line":36},"6":{"loc":{"start":{"line":43,"column":4},"end":{"line":45,"column":5}},"type":"if","locations":[{"start":{"line":43,"column":4},"end":{"line":45,"column":5}},{"start":{},"end":{}}],"line":43},"7":{"loc":{"start":{"line":57,"column":4},"end":{"line":59,"column":5}},"type":"if","locations":[{"start":{"line":57,"column":4},"end":{"line":59,"column":5}},{"start":{},"end":{}}],"line":57},"8":{"loc":{"start":{"line":65,"column":6},"end":{"line":68,"column":5}},"type":"if","locations":[{"start":{"line":65,"column":6},"end":{"line":68,"column":5}},{"start":{},"end":{}}],"line":65},"9":{"loc":{"start":{"line":69,"column":4},"end":{"line":72,"column":5}},"type":"if","locations":[{"start":{"line":69,"column":4},"end":{"line":72,"column":5}},{"start":{},"end":{}}],"line":69},"10":{"loc":{"start":{"line":74,"column":4},"end":{"line":77,"column":5}},"type":"if","locations":[{"start":{"line":74,"column":4},"end":{"line":77,"column":5}},{"start":{},"end":{}}],"line":74},"11":{"loc":{"start":{"line":81,"column":4},"end":{"line":83,"column":5}},"type":"if","locations":[{"start":{"line":81,"column":4},"end":{"line":83,"column":5}},{"start":{},"end":{}}],"line":81}},"s":{"0":1,"1":4,"2":4,"3":4,"4":2,"5":2,"6":2,"7":0,"8":0,"9":0,"10":1,"11":0,"12":0,"13":0,"14":0,"15":0,"16":0,"17":0,"18":0,"19":0,"20":0,"21":0,"22":0,"23":0,"24":0,"25":0,"26":1,"27":0,"28":0,"29":0,"30":0,"31":0,"32":0,"33":0,"34":0,"35":0,"36":0,"37":0,"38":0,"39":0,"40":0,"41":0,"42":1,"43":4},"f":{"0":4,"1":0,"2":0,"3":4},"b":{"0":[2,2],"1":[4,3],"2":[0,0],"3":[0,0],"4":[0,0],"5":[0,0],"6":[0,0],"7":[0,0],"8":[0,0],"9":[0,0],"10":[0,0],"11":[0,0]},"_coverageSchema":"1a1c01bbd47fc00a2c39e90264f33305004495a9","hash":"763d77d499f26b2c802185f52235789edbd9ef0f"}
,"E:\\Work\\Documents\\Academics\\Fall24\\Cloud\\Assignments\\src\\webapp\\app\\middleware\\authMiddleware.js": {"path":"E:\\Work\\Documents\\Academics\\Fall24\\Cloud\\Assignments\\src\\webapp\\app\\middleware\\authMiddleware.js","statementMap":{"0":{"start":{"line":4,"column":32},"end":{"line":30,"column":1}},"1":{"start":{"line":5,"column":21},"end":{"line":5,"column":49}},"2":{"start":{"line":7,"column":2},"end":{"line":11,"column":3}},"3":{"start":{"line":8,"column":4},"end":{"line":10,"column":69}},"4":{"start":{"line":13,"column":28},"end":{"line":13,"column":52}},"5":{"start":{"line":14,"column":22},"end":{"line":16,"column":3}},"6":{"start":{"line":18,"column":28},"end":{"line":18,"column":50}},"7":{"start":{"line":20,"column":2},"end":{"line":22,"column":3}},"8":{"start":{"line":21,"column":4},"end":{"line":21,"column":56}},"9":{"start":{"line":24,"column":15},"end":{"line":24,"column":55}},"10":{"start":{"line":25,"column":2},"end":{"line":27,"column":3}},"11":{"start":{"line":26,"column":4},"end":{"line":26,"column":66}},"12":{"start":{"line":28,"column":2},"end":{"line":28,"column":18}},"13":{"start":{"line":29,"column":2},"end":{"line":29,"column":9}}},"fnMap":{"0":{"name":"(anonymous_0)","decl":{"start":{"line":4,"column":32},"end":{"line":4,"column":33}},"loc":{"start":{"line":4,"column":58},"end":{"line":30,"column":1}},"line":4}},"branchMap":{"0":{"loc":{"start":{"line":7,"column":2},"end":{"line":11,"column":3}},"type":"if","locations":[{"start":{"line":7,"column":2},"end":{"line":11,"column":3}},{"start":{},"end":{}}],"line":7},"1":{"loc":{"start":{"line":7,"column":6},"end":{"line":7,"column":53}},"type":"binary-expr","locations":[{"start":{"line":7,"column":6},"end":{"line":7,"column":17}},{"start":{"line":7,"column":21},"end":{"line":7,"column":53}}],"line":7},"2":{"loc":{"start":{"line":20,"column":2},"end":{"line":22,"column":3}},"type":"if","locations":[{"start":{"line":20,"column":2},"end":{"line":22,"column":3}},{"start":{},"end":{}}],"line":20},"3":{"loc":{"start":{"line":20,"column":5},"end":{"line":20,"column":24}},"type":"binary-expr","locations":[{"start":{"line":20,"column":5},"end":{"line":20,"column":11}},{"start":{"line":20,"column":15},"end":{"line":20,"column":24}}],"line":20},"4":{"loc":{"start":{"line":25,"column":2},"end":{"line":27,"column":3}},"type":"if","locations":[{"start":{"line":25,"column":2},"end":{"line":27,"column":3}},{"start":{},"end":{}}],"line":25},"5":{"loc":{"start":{"line":25,"column":6},"end":{"line":25,"column":59}},"type":"binary-expr","locations":[{"start":{"line":25,"column":6},"end":{"line":25,"column":11}},{"start":{"line":25,"column":15},"end":{"line":25,"column":59}}],"line":25}},"s":{"0":1,"1":2,"2":2,"3":1,"4":1,"5":1,"6":1,"7":1,"8":0,"9":1,"10":1,"11":1,"12":0,"13":0},"f":{"0":2},"b":{"0":[1,1],"1":[2,1],"2":[0,1],"3":[1,1],"4":[1,0],"5":[1,0]},"_coverageSchema":"1a1c01bbd47fc00a2c39e90264f33305004495a9","hash":"f3b85172ca76b14cebd0197ea47145ab0b2208c4"}
,"E:\\Work\\Documents\\Academics\\Fall24\\Cloud\\Assignments\\src\\webapp\\app\\middleware\\securityHeaders.js": {"path":"E:\\Work\\Documents\\Academics\\Fall24\\Cloud\\Assignments\\src\\webapp\\app\\middleware\\securityHeaders.js","statementMap":{"0":{"start":{"line":1,"column":24},"end":{"line":7,"column":1}},"1":{"start":{"line":2,"column":4},"end":{"line":2,"column":74}},"2":{"start":{"line":3,"column":4},"end":{"line":3,"column":40}},"3":{"start":{"line":4,"column":4},"end":{"line":4,"column":55}},"4":{"start":{"line":5,"column":4},"end":{"line":5,"column":37}},"5":{"start":{"line":6,"column":4},"end":{"line":6,"column":11}}},"fnMap":{"0":{"name":"(anonymous_0)","decl":{"start":{"line":1,"column":24},"end":{"line":1,"column":25}},"loc":{"start":{"line":1,"column":44},"end":{"line":7,"column":1}},"line":1}},"branchMap":{},"s":{"0":1,"1":17,"2":17,"3":17,"4":17,"5":17},"f":{"0":17},"b":{},"_coverageSchema":"1a1c01bbd47fc00a2c39e90264f33305004495a9","hash":"9f5f40f70790df1fc5f542364e7e955cbf87c4ad"}
,"E:\\Work\\Documents\\Academics\\Fall24\\Cloud\\Assignments\\src\\webapp\\app\\middleware\\validateJsonRoute.js": {"path":"E:\\Work\\Documents\\Academics\\Fall24\\Cloud\\Assignments\\src\\webapp\\app\\middleware\\validateJsonRoute.js","statementMap":{"0":{"start":{"line":1,"column":39},"end":{"line":6,"column":3}},"1":{"start":{"line":2,"column":4},"end":{"line":4,"column":5}},"2":{"start":{"line":3,"column":6},"end":{"line":3,"column":71}},"3":{"start":{"line":5,"column":4},"end":{"line":5,"column":11}}},"fnMap":{"0":{"name":"(anonymous_0)","decl":{"start":{"line":1,"column":39},"end":{"line":1,"column":40}},"loc":{"start":{"line":1,"column":59},"end":{"line":6,"column":3}},"line":1}},"branchMap":{"0":{"loc":{"start":{"line":2,"column":4},"end":{"line":4,"column":5}},"type":"if","locations":[{"start":{"line":2,"column":4},"end":{"line":4,"column":5}},{"start":{},"end":{}}],"line":2}},"s":{"0":1,"1":4,"2":0,"3":4},"f":{"0":4},"b":{"0":[0,4]},"_coverageSchema":"1a1c01bbd47fc00a2c39e90264f33305004495a9","hash":"faa749b599d9002c99380e9e792688053a2340af"}
,"E:\\Work\\Documents\\Academics\\Fall24\\Cloud\\Assignments\\src\\webapp\\app\\routes\\healthzRoutes.js": {"path":"E:\\Work\\Documents\\Academics\\Fall24\\Cloud\\Assignments\\src\\webapp\\app\\routes\\healthzRoutes.js","statementMap":{"0":{"start":{"line":4,"column":15},"end":{"line":4,"column":31}},"1":{"start":{"line":6,"column":0},"end":{"line":6,"column":43}},"2":{"start":{"line":9,"column":0},"end":{"line":9,"column":36}},"3":{"start":{"line":12,"column":0},"end":{"line":12,"column":42}}},"fnMap":{},"branchMap":{},"s":{"0":1,"1":1,"2":1,"3":1},"f":{},"b":{},"_coverageSchema":"1a1c01bbd47fc00a2c39e90264f33305004495a9","hash":"2efc36afdd370f3e54c916cc91b6d5aa5c768d5a"}
,"E:\\Work\\Documents\\Academics\\Fall24\\Cloud\\Assignments\\src\\webapp\\app\\routes\\index.js": {"path":"E:\\Work\\Documents\\Academics\\Fall24\\Cloud\\Assignments\\src\\webapp\\app\\routes\\index.js","statementMap":{"0":{"start":{"line":5,"column":25},"end":{"line":9,"column":1}},"1":{"start":{"line":6,"column":4},"end":{"line":6,"column":28}},"2":{"start":{"line":7,"column":4},"end":{"line":7,"column":31}},"3":{"start":{"line":8,"column":4},"end":{"line":8,"column":35}}},"fnMap":{"0":{"name":"(anonymous_0)","decl":{"start":{"line":5,"column":25},"end":{"line":5,"column":26}},"loc":{"start":{"line":5,"column":34},"end":{"line":9,"column":1}},"line":5}},"branchMap":{},"s":{"0":1,"1":1,"2":1,"3":1},"f":{"0":1},"b":{},"_coverageSchema":"1a1c01bbd47fc00a2c39e90264f33305004495a9","hash":"9ee8919f00e885f38476b8e16caaa40f67610f09"}
,"E:\\Work\\Documents\\Academics\\Fall24\\Cloud\\Assignments\\src\\webapp\\app\\routes\\userRoutes.js": {"path":"E:\\Work\\Documents\\Academics\\Fall24\\Cloud\\Assignments\\src\\webapp\\app\\routes\\userRoutes.js","statementMap":{"0":{"start":{"line":6,"column":15},"end":{"line":6,"column":31}},"1":{"start":{"line":9,"column":0},"end":{"line":9,"column":69}},"2":{"start":{"line":11,"column":0},"end":{"line":11,"column":53}},"3":{"start":{"line":14,"column":0},"end":{"line":14,"column":62}},"4":{"start":{"line":15,"column":0},"end":{"line":15,"column":65}},"5":{"start":{"line":17,"column":0},"end":{"line":17,"column":52}}},"fnMap":{},"branchMap":{},"s":{"0":1,"1":1,"2":1,"3":1,"4":1,"5":1},"f":{},"b":{},"_coverageSchema":"1a1c01bbd47fc00a2c39e90264f33305004495a9","hash":"736c210ac901fb443d507c4643191f292820fc24"}
,"E:\\Work\\Documents\\Academics\\Fall24\\Cloud\\Assignments\\src\\webapp\\app\\services\\userService.js": {"path":"E:\\Work\\Documents\\Academics\\Fall24\\Cloud\\Assignments\\src\\webapp\\app\\services\\userService.js","statementMap":{"0":{"start":{"line":3,"column":31},"end":{"line":5,"column":1}},"1":{"start":{"line":4,"column":4},"end":{"line":4,"column":52}},"2":{"start":{"line":7,"column":26},"end":{"line":9,"column":1}},"3":{"start":{"line":8,"column":4},"end":{"line":8,"column":73}},"4":{"start":{"line":11,"column":29},"end":{"line":15,"column":1}},"5":{"start":{"line":12,"column":4},"end":{"line":14,"column":7}},"6":{"start":{"line":17,"column":26},"end":{"line":34,"column":1}},"7":{"start":{"line":18,"column":4},"end":{"line":33,"column":5}},"8":{"start":{"line":19,"column":6},"end":{"line":19,"column":60}},"9":{"start":{"line":20,"column":26},"end":{"line":20,"column":53}},"10":{"start":{"line":21,"column":6},"end":{"line":23,"column":7}},"11":{"start":{"line":22,"column":8},"end":{"line":22,"column":20}},"12":{"start":{"line":24,"column":6},"end":{"line":24,"column":25}},"13":{"start":{"line":26,"column":6},"end":{"line":31,"column":7}},"14":{"start":{"line":30,"column":8},"end":{"line":30,"column":20}},"15":{"start":{"line":32,"column":6},"end":{"line":32,"column":55}}},"fnMap":{"0":{"name":"(anonymous_0)","decl":{"start":{"line":3,"column":31},"end":{"line":3,"column":32}},"loc":{"start":{"line":3,"column":48},"end":{"line":5,"column":1}},"line":3},"1":{"name":"(anonymous_1)","decl":{"start":{"line":7,"column":26},"end":{"line":7,"column":27}},"loc":{"start":{"line":7,"column":80},"end":{"line":9,"column":1}},"line":7},"2":{"name":"(anonymous_2)","decl":{"start":{"line":11,"column":29},"end":{"line":11,"column":30}},"loc":{"start":{"line":11,"column":43},"end":{"line":15,"column":1}},"line":11},"3":{"name":"(anonymous_3)","decl":{"start":{"line":17,"column":26},"end":{"line":17,"column":27}},"loc":{"start":{"line":17,"column":53},"end":{"line":34,"column":1}},"line":17}},"branchMap":{"0":{"loc":{"start":{"line":21,"column":6},"end":{"line":23,"column":7}},"type":"if","locations":[{"start":{"line":21,"column":6},"end":{"line":23,"column":7}},{"start":{},"end":{}}],"line":21},"1":{"loc":{"start":{"line":26,"column":6},"end":{"line":31,"column":7}},"type":"if","locations":[{"start":{"line":26,"column":6},"end":{"line":31,"column":7}},{"start":{},"end":{}}],"line":26},"2":{"loc":{"start":{"line":27,"column":8},"end":{"line":28,"column":46}},"type":"binary-expr","locations":[{"start":{"line":27,"column":8},"end":{"line":27,"column":40}},{"start":{"line":28,"column":8},"end":{"line":28,"column":46}}],"line":27}},"s":{"0":1,"1":1,"2":1,"3":2,"4":1,"5":0,"6":1,"7":0,"8":0,"9":0,"10":0,"11":0,"12":0,"13":0,"14":0,"15":0},"f":{"0":1,"1":2,"2":0,"3":0},"b":{"0":[0,0],"1":[0,0],"2":[0,0]},"_coverageSchema":"1a1c01bbd47fc00a2c39e90264f33305004495a9","hash":"78d6ab46d1fc43cabf3603f8679a8dd7e69c8ce4"}
}
