TN:
SF:db.js
FN:11,(anonymous_0)
FN:22,(anonymous_1)
FNF:2
FNH:1
FNDA:4,(anonymous_0)
FNDA:0,(anonymous_1)
DA:4,1
DA:6,1
DA:11,1
DA:12,4
DA:13,4
DA:14,3
DA:15,3
DA:17,1
DA:18,1
DA:22,1
DA:23,0
DA:24,0
DA:25,0
DA:26,0
DA:27,0
DA:29,0
DA:30,0
LF:17
LH:10
BRF:0
BRH:0
end_of_record
TN:
SF:app\app.js
FN:5,(anonymous_0)
FNF:1
FNH:1
FNDA:1,(anonymous_0)
DA:5,1
DA:6,1
DA:7,1
DA:8,1
DA:9,1
DA:10,1
DA:11,1
LF:7
LH:7
BRF:0
BRH:0
end_of_record
TN:
SF:app\controllers\healthzController.js
FN:3,(anonymous_0)
FN:28,(anonymous_1)
FNF:2
FNH:2
FNDA:6,(anonymous_0)
FNDA:1,(anonymous_1)
DA:3,1
DA:5,6
DA:6,1
DA:7,1
DA:9,5
DA:10,0
DA:11,0
DA:14,5
DA:15,1
DA:16,1
DA:19,4
DA:21,4
DA:22,3
DA:24,1
DA:28,1
DA:29,1
LF:16
LH:14
BRDA:5,0,0,1
BRDA:5,0,1,5
BRDA:9,1,0,0
BRDA:9,1,1,5
BRDA:14,2,0,1
BRDA:14,2,1,4
BRDA:21,3,0,3
BRDA:21,3,1,1
BRF:8
BRH:7
end_of_record
TN:
SF:app\controllers\userController.js
FN:4,(anonymous_0)
FN:29,(anonymous_1)
FN:76,(anonymous_2)
FN:104,(anonymous_3)
FNF:4
FNH:2
FNDA:6,(anonymous_0)
FNDA:0,(anonymous_1)
FNDA:0,(anonymous_2)
FNDA:4,(anonymous_3)
DA:4,1
DA:5,6
DA:6,6
DA:7,6
DA:8,2
DA:11,4
DA:13,1
DA:22,3
DA:23,1
DA:25,2
DA:29,1
DA:30,0
DA:31,0
DA:32,0
DA:33,0
DA:35,0
DA:36,0
DA:51,0
DA:53,0
DA:55,0
DA:56,0
DA:59,0
DA:69,0
DA:70,0
DA:72,0
DA:76,1
DA:77,0
DA:78,0
DA:79,0
DA:81,0
DA:82,0
DA:83,0
DA:86,0
DA:87,0
DA:88,0
DA:90,0
DA:91,0
DA:93,0
DA:94,0
DA:97,0
DA:100,0
DA:104,1
DA:105,4
LF:43
LH:14
BRDA:7,0,0,2
BRDA:7,0,1,4
BRDA:7,1,0,6
BRDA:7,1,1,5
BRDA:22,2,0,1
BRDA:22,2,1,2
BRDA:32,3,0,0
BRDA:32,3,1,0
BRDA:32,4,0,0
BRDA:32,4,1,0
BRDA:35,5,0,0
BRDA:35,5,1,0
BRDA:55,6,0,0
BRDA:55,6,1,0
BRDA:69,7,0,0
BRDA:69,7,1,0
BRDA:77,8,0,0
BRDA:77,8,1,0
BRDA:81,9,0,0
BRDA:81,9,1,0
BRDA:86,10,0,0
BRDA:86,10,1,0
BRDA:93,11,0,0
BRDA:93,11,1,0
BRF:24
BRH:6
end_of_record
TN:
SF:app\middleware\authMiddleware.js
FN:4,(anonymous_0)
FNF:1
FNH:1
FNDA:2,(anonymous_0)
DA:4,1
DA:5,2
DA:7,2
DA:8,1
DA:13,1
DA:14,1
DA:18,1
DA:20,1
DA:21,0
DA:24,1
DA:25,1
DA:26,1
DA:28,0
DA:29,0
LF:14
LH:11
BRDA:7,0,0,1
BRDA:7,0,1,1
BRDA:7,1,0,2
BRDA:7,1,1,1
BRDA:20,2,0,0
BRDA:20,2,1,1
BRDA:20,3,0,1
BRDA:20,3,1,1
BRDA:25,4,0,1
BRDA:25,4,1,0
BRDA:25,5,0,1
BRDA:25,5,1,0
BRF:12
BRH:9
end_of_record
TN:
SF:app\middleware\securityHeaders.js
FN:1,(anonymous_0)
FNF:1
FNH:1
FNDA:20,(anonymous_0)
DA:1,1
DA:2,20
DA:3,20
DA:4,20
DA:5,20
DA:6,20
LF:6
LH:6
BRF:0
BRH:0
end_of_record
TN:
SF:app\models\userModel.js
FN:24,(anonymous_0)
FN:67,(anonymous_1)
FNF:2
FNH:1
FNDA:5,(anonymous_0)
FNDA:0,(anonymous_1)
DA:5,1
DA:25,5
DA:26,4
DA:27,4
DA:68,0
LF:5
LH:4
BRDA:25,0,0,4
BRDA:25,0,1,1
BRF:2
BRH:2
end_of_record
TN:
SF:app\routes\healthzRoutes.js
FNF:0
FNH:0
DA:4,1
DA:6,1
DA:9,1
DA:12,1
LF:4
LH:4
BRF:0
BRH:0
end_of_record
TN:
SF:app\routes\index.js
FN:5,(anonymous_0)
FNF:1
FNH:1
FNDA:1,(anonymous_0)
DA:5,1
DA:6,1
DA:7,1
DA:8,1
LF:4
LH:4
BRF:0
BRH:0
end_of_record
TN:
SF:app\routes\userRoutes.js
FNF:0
FNH:0
DA:5,1
DA:8,1
DA:10,1
DA:13,1
DA:14,1
DA:16,1
LF:6
LH:6
BRF:0
BRH:0
end_of_record
TN:
SF:app\services\userService.js
FN:3,(anonymous_0)
FN:7,(anonymous_1)
FN:11,(anonymous_2)
FN:17,(anonymous_3)
FNF:4
FNH:2
FNDA:1,(anonymous_0)
FNDA:4,(anonymous_1)
FNDA:0,(anonymous_2)
FNDA:0,(anonymous_3)
DA:3,1
DA:4,1
DA:7,1
DA:8,4
DA:11,1
DA:12,0
DA:17,1
DA:18,0
DA:19,0
DA:20,0
DA:21,0
DA:22,0
DA:24,0
DA:26,0
DA:30,0
DA:32,0
LF:16
LH:6
BRDA:21,0,0,0
BRDA:21,0,1,0
BRDA:26,1,0,0
BRDA:26,1,1,0
BRDA:27,2,0,0
BRDA:27,2,1,0
BRF:6
BRH:0
end_of_record
